info it worked if it ends with ok
verbose cli [ 'node', '/usr/bin/npm', 'install' ]
info using npm@1.1.4
info using node@v0.6.12
verbose config file /home/bruno/.npmrc
verbose config file /usr/etc/npmrc
verbose config file /usr/share/npm/npmrc
ERR! Couldn't read dependencies.
ERR! Failed to parse json
ERR! Unexpected token }
ERR! File: /home/bruno/workspace/adamsyndic/adamsyndic/package.json
ERR! JSON.parse Failed to parse package.json data.
ERR! JSON.parse package.json must be actual JSON, not just JavaScript.
ERR! JSON.parse This is not a bug in npm.
ERR! JSON.parse Tell the package author to fix their package.json file.
ERR! 
ERR! System Linux 3.2.0-57-generic-pae
ERR! command "node" "/usr/bin/npm" "install"
ERR! cwd /home/bruno/workspace/adamsyndic/adamsyndic
ERR! node -v v0.6.12
ERR! npm -v 1.1.4
ERR! file /home/bruno/workspace/adamsyndic/adamsyndic/package.json
ERR! code EJSONPARSE
ERR! message Failed to parse json
ERR! message Unexpected token }
ERR! errno {}
verbose exit [ 1, true ]
